2020-12-13 14:52:18.9421|INFO|AMPDFMerge.Program|| --------- |
2020-12-13 14:52:18.9891|INFO|AMPDFMerge.Program|| Test Mode |
2020-12-13 14:52:18.9891|INFO|AMPDFMerge.Program|| _________ |
2020-12-13 14:52:18.9891|INFO|AMPDFMerge.Program|SourceDir = C:\Users\mamrulla\OneDrive - Philip Morris International\#aam\App\PDF Phase 2\AMPDFMerge\AMPDFMerge\bin\Debug\pdfsample\encrypted
2020-12-13 14:52:19.0061|INFO|AMPDFMerge.Program|OutputFile = C:\Users\mamrulla\OneDrive - Philip Morris International\#aam\App\PDF Phase 2\AMPDFMerge\AMPDFMerge\bin\Debug\pdfsample\pdfencrypted.pdf
2020-12-13 16:11:06.6050|INFO|AMPDFMerge.Program|| --------- |
2020-12-13 16:11:06.6900|INFO|AMPDFMerge.Program|| Test Mode |
2020-12-13 16:11:06.6900|INFO|AMPDFMerge.Program|| _________ |
2020-12-13 16:11:06.6990|INFO|AMPDFMerge.Program|SourceDir = C:\Users\mamrulla\OneDrive - Philip Morris International\#aam\App\PDF Phase 2\AMPDFMerge\AMPDFMerge\bin\Debug\pdfsample\encrypted
2020-12-13 16:11:06.6990|INFO|AMPDFMerge.Program|OutputFile = C:\Users\mamrulla\OneDrive - Philip Morris International\#aam\App\PDF Phase 2\AMPDFMerge\AMPDFMerge\bin\Debug\pdfsample\pdfencrypted.pdf
2020-12-13 16:12:14.7216|INFO|AMPDFMerge.Program|| --------- |
2020-12-13 16:12:14.8216|INFO|AMPDFMerge.Program|| Test Mode |
2020-12-13 16:12:14.8216|INFO|AMPDFMerge.Program|| _________ |
2020-12-13 16:12:14.8216|INFO|AMPDFMerge.Program|SourceDir = C:\Users\mamrulla\OneDrive - Philip Morris International\#aam\App\PDF Phase 2\AMPDFMerge\AMPDFMerge\bin\Debug\pdfsample\encrypted
2020-12-13 16:12:14.8526|INFO|AMPDFMerge.Program|OutputFile = C:\Users\mamrulla\OneDrive - Philip Morris International\#aam\App\PDF Phase 2\AMPDFMerge\AMPDFMerge\bin\Debug\pdfsample\pdfencrypted.pdf
2020-12-13 16:24:12.2532|INFO|AMPDFMerge.Program|| --------- |
2020-12-13 16:24:12.3232|INFO|AMPDFMerge.Program|| Test Mode |
2020-12-13 16:24:12.3232|INFO|AMPDFMerge.Program|| _________ |
2020-12-13 16:24:12.3333|INFO|AMPDFMerge.Program|SourceDir = C:\Users\mamrulla\OneDrive - Philip Morris International\#aam\App\PDF Phase 2\AMPDFMerge\AMPDFMerge\bin\Debug\pdfsample\encrypted
2020-12-13 16:24:12.3333|INFO|AMPDFMerge.Program|OutputFile = C:\Users\mamrulla\OneDrive - Philip Morris International\#aam\App\PDF Phase 2\AMPDFMerge\AMPDFMerge\bin\Debug\pdfsample\pdfencrypted.pdf
2020-12-13 16:29:55.9632|INFO|AMPDFMerge.Program|| --------- |
2020-12-13 16:29:56.0752|INFO|AMPDFMerge.Program|| Test Mode |
2020-12-13 16:29:56.0832|INFO|AMPDFMerge.Program|| _________ |
2020-12-13 16:29:56.0832|INFO|AMPDFMerge.Program|SourceDir = C:\Users\mamrulla\OneDrive - Philip Morris International\#aam\App\PDF Phase 2\AMPDFMerge\AMPDFMerge\bin\Debug\pdfsample\encrypted
2020-12-13 16:29:56.1152|INFO|AMPDFMerge.Program|OutputFile = C:\Users\mamrulla\OneDrive - Philip Morris International\#aam\App\PDF Phase 2\AMPDFMerge\AMPDFMerge\bin\Debug\pdfsample\pdfencrypted.pdf
2020-12-13 16:30:32.0409|INFO|AMPDFMerge.Program|| --------- |
2020-12-13 16:30:32.1059|INFO|AMPDFMerge.Program|| Test Mode |
2020-12-13 16:30:32.1059|INFO|AMPDFMerge.Program|| _________ |
2020-12-13 16:30:32.1229|INFO|AMPDFMerge.Program|SourceDir = C:\Users\mamrulla\OneDrive - Philip Morris International\#aam\App\PDF Phase 2\AMPDFMerge\AMPDFMerge\bin\Debug\pdfsample\encrypted
2020-12-13 16:30:32.1339|INFO|AMPDFMerge.Program|OutputFile = C:\Users\mamrulla\OneDrive - Philip Morris International\#aam\App\PDF Phase 2\AMPDFMerge\AMPDFMerge\bin\Debug\pdfsample\pdfencrypted.pdf
2020-12-13 17:00:44.2716|INFO|AMPDFMerge.Program|| --------- |
2020-12-13 17:00:44.3426|INFO|AMPDFMerge.Program|| Test Mode |
2020-12-13 17:00:44.3426|INFO|AMPDFMerge.Program|| _________ |
2020-12-13 17:00:44.3516|INFO|AMPDFMerge.Program|SourceDir = C:\Users\mamrulla\OneDrive - Philip Morris International\#aam\App\PDF Phase 2\AMPDFMerge\AMPDFMerge\bin\Debug\pdfsample\encrypted
2020-12-13 17:00:44.3516|INFO|AMPDFMerge.Program|OutputFile = C:\Users\mamrulla\OneDrive - Philip Morris International\#aam\App\PDF Phase 2\AMPDFMerge\AMPDFMerge\bin\Debug\pdfsample\pdfencrypted.pdf
