2021-01-25 16:48:16.9086|INFO|AMPDFMerge.Program|GetFiles PDF file from Directory : \\hmsismsDPWprd.id.pmi\ftp_DPW_prd$\3.PRD\Import\PDF_ForTA\Invoice\TADetail3Inch\2021-01-21-22-00-INV-TADPW001 - ADI
2021-01-25 16:48:17.0186|INFO|AMPDFMerge.Program|Merge Encrypted PDF Starting...
2021-01-25 16:48:17.0576|INFO|AMPDFMerge.Program|Set OwnerPassword = 210121
2021-01-25 16:48:17.0576|INFO|AMPDFMerge.Program|Set UserPassword = 210121
2021-01-25 16:48:17.0826|INFO|AMPDFMerge.Program|Trying unlock PDF \\hmsismsDPWprd.id.pmi\ftp_DPW_prd$\3.PRD\Import\PDF_ForTA\Invoice\TADetail3Inch\2021-01-21-22-00-INV-TADPW001 - ADI\INV-210121-DPS0005772-UD MIRAH-DPW0171225.pdf using password : 210121
2021-01-25 16:48:17.2056|INFO|AMPDFMerge.Program|PDF \\hmsismsDPWprd.id.pmi\ftp_DPW_prd$\3.PRD\Import\PDF_ForTA\Invoice\TADetail3Inch\2021-01-21-22-00-INV-TADPW001 - ADI\INV-210121-DPS0005772-UD MIRAH-DPW0171225.pdf unlocked with password : 210121
2021-01-25 16:48:17.2346|INFO|AMPDFMerge.Program|Add PDF : \\hmsismsDPWprd.id.pmi\ftp_DPW_prd$\3.PRD\Import\PDF_ForTA\Invoice\TADetail3Inch\2021-01-21-22-00-INV-TADPW001 - ADI\INV-210121-DPS0005772-UD MIRAH-DPW0171225.pdf
2021-01-25 16:48:17.2656|INFO|AMPDFMerge.Program|Add PDF : \\hmsismsDPWprd.id.pmi\ftp_DPW_prd$\3.PRD\Import\PDF_ForTA\Invoice\TADetail3Inch\2021-01-21-22-00-INV-TADPW001 - ADI\INV-210121-DPS0005772-UD MIRAH-DPW0171225.pdf
2021-01-25 16:48:17.2796|INFO|AMPDFMerge.Program|Add PDF : \\hmsismsDPWprd.id.pmi\ftp_DPW_prd$\3.PRD\Import\PDF_ForTA\Invoice\TADetail3Inch\2021-01-21-22-00-INV-TADPW001 - ADI\INV-210121-DPS0005772-UD MIRAH-DPW0171225.pdf
2021-01-25 16:48:17.2796|INFO|AMPDFMerge.Program|Add PDF : \\hmsismsDPWprd.id.pmi\ftp_DPW_prd$\3.PRD\Import\PDF_ForTA\Invoice\TADetail3Inch\2021-01-21-22-00-INV-TADPW001 - ADI\INV-210121-DPS0005772-UD MIRAH-DPW0171225.pdf
2021-01-25 16:48:17.2966|INFO|AMPDFMerge.Program|Add PDF : \\hmsismsDPWprd.id.pmi\ftp_DPW_prd$\3.PRD\Import\PDF_ForTA\Invoice\TADetail3Inch\2021-01-21-22-00-INV-TADPW001 - ADI\INV-210121-DPS0005772-UD MIRAH-DPW0171225.pdf
2021-01-25 16:48:17.2966|INFO|AMPDFMerge.Program|Trying unlock PDF \\hmsismsDPWprd.id.pmi\ftp_DPW_prd$\3.PRD\Import\PDF_ForTA\Invoice\TADetail3Inch\2021-01-21-22-00-INV-TADPW001 - ADI\INV-210121-DPS0007746-JAYAKARTA-DPW0171226.pdf using password : 210121
2021-01-25 16:48:17.3846|INFO|AMPDFMerge.Program|PDF \\hmsismsDPWprd.id.pmi\ftp_DPW_prd$\3.PRD\Import\PDF_ForTA\Invoice\TADetail3Inch\2021-01-21-22-00-INV-TADPW001 - ADI\INV-210121-DPS0007746-JAYAKARTA-DPW0171226.pdf unlocked with password : 210121
2021-01-25 16:48:17.4096|INFO|AMPDFMerge.Program|Add PDF : \\hmsismsDPWprd.id.pmi\ftp_DPW_prd$\3.PRD\Import\PDF_ForTA\Invoice\TADetail3Inch\2021-01-21-22-00-INV-TADPW001 - ADI\INV-210121-DPS0007746-JAYAKARTA-DPW0171226.pdf
2021-01-25 16:48:17.4196|INFO|AMPDFMerge.Program|Add PDF : \\hmsismsDPWprd.id.pmi\ftp_DPW_prd$\3.PRD\Import\PDF_ForTA\Invoice\TADetail3Inch\2021-01-21-22-00-INV-TADPW001 - ADI\INV-210121-DPS0007746-JAYAKARTA-DPW0171226.pdf
2021-01-25 16:48:17.4196|INFO|AMPDFMerge.Program|Add PDF : \\hmsismsDPWprd.id.pmi\ftp_DPW_prd$\3.PRD\Import\PDF_ForTA\Invoice\TADetail3Inch\2021-01-21-22-00-INV-TADPW001 - ADI\INV-210121-DPS0007746-JAYAKARTA-DPW0171226.pdf
2021-01-25 16:48:17.4366|INFO|AMPDFMerge.Program|Trying unlock PDF \\hmsismsDPWprd.id.pmi\ftp_DPW_prd$\3.PRD\Import\PDF_ForTA\Invoice\TADetail3Inch\2021-01-21-22-00-INV-TADPW001 - ADI\INV-210121-DPS0010714-SUMBER JAYA-DPW0171224.pdf using password : 210121
2021-01-25 16:48:17.5567|INFO|AMPDFMerge.Program|PDF \\hmsismsDPWprd.id.pmi\ftp_DPW_prd$\3.PRD\Import\PDF_ForTA\Invoice\TADetail3Inch\2021-01-21-22-00-INV-TADPW001 - ADI\INV-210121-DPS0010714-SUMBER JAYA-DPW0171224.pdf unlocked with password : 210121
2021-01-25 16:48:17.5776|INFO|AMPDFMerge.Program|Add PDF : \\hmsismsDPWprd.id.pmi\ftp_DPW_prd$\3.PRD\Import\PDF_ForTA\Invoice\TADetail3Inch\2021-01-21-22-00-INV-TADPW001 - ADI\INV-210121-DPS0010714-SUMBER JAYA-DPW0171224.pdf
2021-01-25 16:48:17.5776|INFO|AMPDFMerge.Program|Add PDF : \\hmsismsDPWprd.id.pmi\ftp_DPW_prd$\3.PRD\Import\PDF_ForTA\Invoice\TADetail3Inch\2021-01-21-22-00-INV-TADPW001 - ADI\INV-210121-DPS0010714-SUMBER JAYA-DPW0171224.pdf
2021-01-25 16:48:17.5956|INFO|AMPDFMerge.Program|Add PDF : \\hmsismsDPWprd.id.pmi\ftp_DPW_prd$\3.PRD\Import\PDF_ForTA\Invoice\TADetail3Inch\2021-01-21-22-00-INV-TADPW001 - ADI\INV-210121-DPS0010714-SUMBER JAYA-DPW0171224.pdf
2021-01-25 16:48:17.6046|INFO|AMPDFMerge.Program|Trying unlock PDF \\hmsismsDPWprd.id.pmi\ftp_DPW_prd$\3.PRD\Import\PDF_ForTA\Invoice\TADetail3Inch\2021-01-21-22-00-INV-TADPW001 - ADI\INV-210122-DPS0000948-UD PRATAMA 20-DPW0171323.pdf using password : 210121
2021-01-25 16:48:17.7036|ERROR|AMPDFMerge.Program|Invalid password : 210121
2021-01-25 16:48:17.7036|INFO|AMPDFMerge.Program|Merge Encrypted PDF Starting...
2021-01-25 16:48:17.7186|INFO|AMPDFMerge.Program|Set OwnerPassword = 210121
2021-01-25 16:48:17.7186|INFO|AMPDFMerge.Program|Set UserPassword = 210121
2021-01-25 16:48:17.7356|INFO|AMPDFMerge.Program|Trying unlock PDF \\hmsismsDPWprd.id.pmi\ftp_DPW_prd$\3.PRD\Import\PDF_ForTA\Invoice\TADetail3Inch\2021-01-21-22-00-INV-TADPW001 - ADI\INV-210121-DPS0005772-UD MIRAH-DPW0171225.pdf using password : 210122
2021-01-25 16:48:17.7606|ERROR|AMPDFMerge.Program|Invalid password : 210122
2021-01-25 17:39:00.2969|INFO|AMPDFMerge.Program|GetFiles PDF file from Directory : \\hmsismsDPWprd.id.pmi\ftp_DPW_prd$\3.PRD\Import\PDF_ForTA\Invoice\TADetail3Inch\2021-01-21-22-00-INV-TADPW001 - ADI
2021-01-25 17:39:00.4109|INFO|AMPDFMerge.Program|Merge Encrypted PDF Starting...
2021-01-25 17:39:00.4439|INFO|AMPDFMerge.Program|Set OwnerPassword = 210121
2021-01-25 17:39:00.4539|INFO|AMPDFMerge.Program|Set UserPassword = 210121
2021-01-25 17:39:00.4539|INFO|AMPDFMerge.Program|Trying unlock PDF \\hmsismsDPWprd.id.pmi\ftp_DPW_prd$\3.PRD\Import\PDF_ForTA\Invoice\TADetail3Inch\2021-01-21-22-00-INV-TADPW001 - ADI\INV-210121-DPS0005772-UD MIRAH-DPW0171225.pdf using password : 210121
2021-01-25 17:39:16.8688|INFO|AMPDFMerge.Program|PDF \\hmsismsDPWprd.id.pmi\ftp_DPW_prd$\3.PRD\Import\PDF_ForTA\Invoice\TADetail3Inch\2021-01-21-22-00-INV-TADPW001 - ADI\INV-210121-DPS0005772-UD MIRAH-DPW0171225.pdf unlocked with password : 210121
2021-01-25 17:39:19.5480|INFO|AMPDFMerge.Program|Add PDF : \\hmsismsDPWprd.id.pmi\ftp_DPW_prd$\3.PRD\Import\PDF_ForTA\Invoice\TADetail3Inch\2021-01-21-22-00-INV-TADPW001 - ADI\INV-210121-DPS0005772-UD MIRAH-DPW0171225.pdf
2021-01-25 17:39:21.6500|INFO|AMPDFMerge.Program|Add PDF : \\hmsismsDPWprd.id.pmi\ftp_DPW_prd$\3.PRD\Import\PDF_ForTA\Invoice\TADetail3Inch\2021-01-21-22-00-INV-TADPW001 - ADI\INV-210121-DPS0005772-UD MIRAH-DPW0171225.pdf
2021-01-25 17:39:22.8970|INFO|AMPDFMerge.Program|Add PDF : \\hmsismsDPWprd.id.pmi\ftp_DPW_prd$\3.PRD\Import\PDF_ForTA\Invoice\TADetail3Inch\2021-01-21-22-00-INV-TADPW001 - ADI\INV-210121-DPS0005772-UD MIRAH-DPW0171225.pdf
2021-01-25 17:39:26.0209|INFO|AMPDFMerge.Program|Add PDF : \\hmsismsDPWprd.id.pmi\ftp_DPW_prd$\3.PRD\Import\PDF_ForTA\Invoice\TADetail3Inch\2021-01-21-22-00-INV-TADPW001 - ADI\INV-210121-DPS0005772-UD MIRAH-DPW0171225.pdf
2021-01-25 17:39:28.1195|INFO|AMPDFMerge.Program|Add PDF : \\hmsismsDPWprd.id.pmi\ftp_DPW_prd$\3.PRD\Import\PDF_ForTA\Invoice\TADetail3Inch\2021-01-21-22-00-INV-TADPW001 - ADI\INV-210121-DPS0005772-UD MIRAH-DPW0171225.pdf
2021-01-25 17:46:00.8425|INFO|AMPDFMerge.Program|GetFiles PDF file from Directory : \\hmsismsDPWprd.id.pmi\ftp_DPW_prd$\3.PRD\Import\PDF_ForTA\Invoice\TADetail3Inch\2021-01-21-22-00-INV-TADPW001 - ADI
2021-01-25 17:46:01.0345|INFO|AMPDFMerge.Program|Merge Encrypted PDF Starting...
2021-01-25 17:46:01.0625|INFO|AMPDFMerge.Program|Set OwnerPassword = 210121
2021-01-25 17:46:01.0755|INFO|AMPDFMerge.Program|Set UserPassword = 210121
2021-01-25 17:46:01.0875|INFO|AMPDFMerge.Program|Adding PDF : \\hmsismsDPWprd.id.pmi\ftp_DPW_prd$\3.PRD\Import\PDF_ForTA\Invoice\TADetail3Inch\2021-01-21-22-00-INV-TADPW001 - ADI\INV-210121-DPS0005772-UD MIRAH-DPW0171225.pdf ...
2021-01-25 17:46:01.0975|INFO|AMPDFMerge.Program|Trying unlock PDF \\hmsismsDPWprd.id.pmi\ftp_DPW_prd$\3.PRD\Import\PDF_ForTA\Invoice\TADetail3Inch\2021-01-21-22-00-INV-TADPW001 - ADI\INV-210121-DPS0005772-UD MIRAH-DPW0171225.pdf using password : 210121
2021-01-25 17:46:04.2973|INFO|AMPDFMerge.Program|PDF \\hmsismsDPWprd.id.pmi\ftp_DPW_prd$\3.PRD\Import\PDF_ForTA\Invoice\TADetail3Inch\2021-01-21-22-00-INV-TADPW001 - ADI\INV-210121-DPS0005772-UD MIRAH-DPW0171225.pdf unlocked with password : 210121
2021-01-25 17:46:12.4533|INFO|AMPDFMerge.Program|PDF : \\hmsismsDPWprd.id.pmi\ftp_DPW_prd$\3.PRD\Import\PDF_ForTA\Invoice\TADetail3Inch\2021-01-21-22-00-INV-TADPW001 - ADI\INV-210121-DPS0005772-UD MIRAH-DPW0171225.pdf successfully added
2021-01-25 17:46:12.4613|INFO|AMPDFMerge.Program|Adding PDF : \\hmsismsDPWprd.id.pmi\ftp_DPW_prd$\3.PRD\Import\PDF_ForTA\Invoice\TADetail3Inch\2021-01-21-22-00-INV-TADPW001 - ADI\INV-210121-DPS0007746-JAYAKARTA-DPW0171226.pdf ...
2021-01-25 17:46:12.4613|INFO|AMPDFMerge.Program|Trying unlock PDF \\hmsismsDPWprd.id.pmi\ftp_DPW_prd$\3.PRD\Import\PDF_ForTA\Invoice\TADetail3Inch\2021-01-21-22-00-INV-TADPW001 - ADI\INV-210121-DPS0007746-JAYAKARTA-DPW0171226.pdf using password : 210121
2021-01-25 17:46:15.3216|INFO|AMPDFMerge.Program|PDF \\hmsismsDPWprd.id.pmi\ftp_DPW_prd$\3.PRD\Import\PDF_ForTA\Invoice\TADetail3Inch\2021-01-21-22-00-INV-TADPW001 - ADI\INV-210121-DPS0007746-JAYAKARTA-DPW0171226.pdf unlocked with password : 210121
2021-01-25 17:46:15.3486|INFO|AMPDFMerge.Program|PDF : \\hmsismsDPWprd.id.pmi\ftp_DPW_prd$\3.PRD\Import\PDF_ForTA\Invoice\TADetail3Inch\2021-01-21-22-00-INV-TADPW001 - ADI\INV-210121-DPS0007746-JAYAKARTA-DPW0171226.pdf successfully added
2021-01-25 17:46:15.3486|INFO|AMPDFMerge.Program|Adding PDF : \\hmsismsDPWprd.id.pmi\ftp_DPW_prd$\3.PRD\Import\PDF_ForTA\Invoice\TADetail3Inch\2021-01-21-22-00-INV-TADPW001 - ADI\INV-210121-DPS0010714-SUMBER JAYA-DPW0171224.pdf ...
2021-01-25 17:46:15.3656|INFO|AMPDFMerge.Program|Trying unlock PDF \\hmsismsDPWprd.id.pmi\ftp_DPW_prd$\3.PRD\Import\PDF_ForTA\Invoice\TADetail3Inch\2021-01-21-22-00-INV-TADPW001 - ADI\INV-210121-DPS0010714-SUMBER JAYA-DPW0171224.pdf using password : 210121
2021-01-25 17:46:15.4669|INFO|AMPDFMerge.Program|PDF \\hmsismsDPWprd.id.pmi\ftp_DPW_prd$\3.PRD\Import\PDF_ForTA\Invoice\TADetail3Inch\2021-01-21-22-00-INV-TADPW001 - ADI\INV-210121-DPS0010714-SUMBER JAYA-DPW0171224.pdf unlocked with password : 210121
2021-01-25 17:46:15.4859|INFO|AMPDFMerge.Program|PDF : \\hmsismsDPWprd.id.pmi\ftp_DPW_prd$\3.PRD\Import\PDF_ForTA\Invoice\TADetail3Inch\2021-01-21-22-00-INV-TADPW001 - ADI\INV-210121-DPS0010714-SUMBER JAYA-DPW0171224.pdf successfully added
2021-01-25 17:46:15.4929|INFO|AMPDFMerge.Program|Adding PDF : \\hmsismsDPWprd.id.pmi\ftp_DPW_prd$\3.PRD\Import\PDF_ForTA\Invoice\TADetail3Inch\2021-01-21-22-00-INV-TADPW001 - ADI\INV-210122-DPS0000948-UD PRATAMA 20-DPW0171323.pdf ...
2021-01-25 17:46:15.4929|INFO|AMPDFMerge.Program|Trying unlock PDF \\hmsismsDPWprd.id.pmi\ftp_DPW_prd$\3.PRD\Import\PDF_ForTA\Invoice\TADetail3Inch\2021-01-21-22-00-INV-TADPW001 - ADI\INV-210122-DPS0000948-UD PRATAMA 20-DPW0171323.pdf using password : 210121
2021-01-25 17:46:40.6709|ERROR|AMPDFMerge.Program|Invalid password : 210121
2021-01-25 17:46:46.3845|INFO|AMPDFMerge.Program|Trying unlock PDF \\hmsismsDPWprd.id.pmi\ftp_DPW_prd$\3.PRD\Import\PDF_ForTA\Invoice\TADetail3Inch\2021-01-21-22-00-INV-TADPW001 - ADI\INV-210122-DPS0000948-UD PRATAMA 20-DPW0171323.pdf using password : 210122
2021-01-25 17:46:52.0763|INFO|AMPDFMerge.Program|PDF \\hmsismsDPWprd.id.pmi\ftp_DPW_prd$\3.PRD\Import\PDF_ForTA\Invoice\TADetail3Inch\2021-01-21-22-00-INV-TADPW001 - ADI\INV-210122-DPS0000948-UD PRATAMA 20-DPW0171323.pdf unlocked with password : 210122
